IOR-3.3.0: MPI Coordinated Test of Parallel I/O
Began               : Mon Oct  7 13:43:49 2024
Command line        : ior-3.3.0/src/ior -F -C -e -g -w -r -K -s 1 -t 256m -i 3 -b 512m -o tempout
Machine             : Linux fcn62.local.snellius.surf.nl
TestID              : 0
StartTime           : Mon Oct  7 13:43:49 2024
Path                : /gpfs/scratch1/shared/benjamic/IOR_TEST/fat_rome_N1_ppn8
FS                  : 2473.6 TiB   Used FS: 14.9%   Inodes: 200.0 Mi   Used Inodes: 55.8%

Options: 
api                 : POSIX
apiVersion          : 
test filename       : tempout
access              : file-per-process
type                : independent
segments            : 1
ordering in a file  : sequential
ordering inter file : constant task offset
task offset         : 1
nodes               : 1
tasks               : 8
clients per node    : 8
repetitions         : 3
xfersize            : 256 MiB
blocksize           : 512 MiB
aggregate filesize  : 4 GiB

Results: 

access    bw(MiB/s)  IOPS       Latency(s)  block(KiB) xfer(KiB)  open(s)    wr/rd(s)   close(s)   total(s)   iter
------    ---------  ----       ----------  ---------- ---------  --------   --------   --------   --------   ----
write     7434       29.13      0.271117    524288     262144     0.001689   0.549177   0.000107   0.550977   0   
read      16105      62.95      0.108696    524288     262144     0.000038   0.254172   0.000130   0.254336   0   
remove    -          -          -           -          -          -          -          -          0.001178   0   
write     5225       20.45      0.323547    524288     262144     0.001294   0.782380   0.000156   0.783849   1   
read      14142      55.27      0.142730    524288     262144     0.000037   0.289483   0.000118   0.289641   1   
remove    -          -          -           -          -          -          -          -          0.001040   1   
write     6097       23.87      0.311770    524288     262144     0.001246   0.670366   0.000155   0.671765   2   
read      14240      55.66      0.142906    524288     262144     0.000037   0.287474   0.000126   0.287645   2   
remove    -          -          -           -          -          -          -          -          0.001159   2   
Max Write: 7434.06 MiB/sec (7795.18 MB/sec)
Max Read:  16104.67 MiB/sec (16886.97 MB/sec)

Summary of all tests:
Operation   Max(MiB)   Min(MiB)  Mean(MiB)     StdDev   Max(OPs)   Min(OPs)  Mean(OPs)     StdDev    Mean(s) Stonewall(s) Stonewall(MiB) Test# #Tasks tPN reps fPP reord reordoff reordrand seed segcnt   blksiz    xsize aggs(MiB)   API RefNum
write        7434.06    5225.50    6252.31     908.28      29.04      20.41      24.42       3.55    0.66886         NA            NA     0      8   8    3   1     1        1         0    0      1 536870912 268435456    4096.0 POSIX      0
read        16104.67   14141.66   14828.70     903.13      62.91      55.24      57.92       3.53    0.27721         NA            NA     0      8   8    3   1     1        1         0    0      1 536870912 268435456    4096.0 POSIX      0
Finished            : Mon Oct  7 13:43:52 2024
