IOR-3.3.0: MPI Coordinated Test of Parallel I/O
Began               : Mon Oct  7 13:46:13 2024
Command line        : ior-3.3.0/src/ior -F -C -e -g -w -r -K -s 1 -t 256m -i 3 -b 16g -o tempout
Machine             : Linux fcn62.local.snellius.surf.nl
TestID              : 0
StartTime           : Mon Oct  7 13:46:13 2024
Path                : /gpfs/scratch1/shared/benjamic/IOR_TEST/fat_rome_N1_ppn8
FS                  : 2473.6 TiB   Used FS: 14.9%   Inodes: 200.0 Mi   Used Inodes: 55.7%

Options: 
api                 : POSIX
apiVersion          : 
test filename       : tempout
access              : file-per-process
type                : independent
segments            : 1
ordering in a file  : sequential
ordering inter file : constant task offset
task offset         : 1
nodes               : 1
tasks               : 8
clients per node    : 8
repetitions         : 3
xfersize            : 256 MiB
blocksize           : 16 GiB
aggregate filesize  : 128 GiB

Results: 

access    bw(MiB/s)  IOPS       Latency(s)  block(KiB) xfer(KiB)  open(s)    wr/rd(s)   close(s)   total(s)   iter
------    ---------  ----       ----------  ---------- ---------  --------   --------   --------   --------   ----
write     3433.86    13.41      0.525662    16777216   262144     0.001882   38.17      0.000154   38.17      0   
read      6726       26.27      0.304479    16777216   262144     0.000047   19.49      0.000134   19.49      0   
remove    -          -          -           -          -          -          -          -          0.001395   0   
write     4098       16.01      0.463722    16777216   262144     0.001465   31.98      0.000111   31.99      1   
read      4850       18.94      0.406956    16777216   262144     0.000050   27.03      0.000140   27.03      1   
remove    -          -          -           -          -          -          -          -          0.001322   1   
write     3156.67    12.33      0.617079    16777216   262144     0.001402   41.52      0.000174   41.52      2   
read      5239       20.47      0.390452    16777216   262144     0.000047   25.02      0.000132   25.02      2   
remove    -          -          -           -          -          -          -          -          0.001333   2   
Max Write: 4097.82 MiB/sec (4296.87 MB/sec)
Max Read:  6726.17 MiB/sec (7052.91 MB/sec)

Summary of all tests:
Operation   Max(MiB)   Min(MiB)  Mean(MiB)     StdDev   Max(OPs)   Min(OPs)  Mean(OPs)     StdDev    Mean(s) Stonewall(s) Stonewall(MiB) Test# #Tasks tPN reps fPP reord reordoff reordrand seed segcnt   blksiz    xsize aggs(MiB)   API RefNum
write        4097.82    3156.67    3562.78     394.89      16.01      12.33      13.92       1.54   37.22616         NA            NA     0      8   8    3   1     1        1         0    0      1 17179869184 268435456  131072.0 POSIX      0
read         6726.17    4849.83    5605.10     808.51      26.27      18.94      21.89       3.16   23.84336         NA            NA     0      8   8    3   1     1        1         0    0      1 17179869184 268435456  131072.0 POSIX      0
Finished            : Mon Oct  7 13:49:17 2024
