IOR-3.3.0: MPI Coordinated Test of Parallel I/O
Began               : Mon Oct  7 13:45:07 2024
Command line        : ior-3.3.0/src/ior -F -C -e -g -w -r -K -s 1 -t 256m -i 3 -b 8g -o tempout
Machine             : Linux fcn62.local.snellius.surf.nl
TestID              : 0
StartTime           : Mon Oct  7 13:45:07 2024
Path                : /gpfs/scratch1/shared/benjamic/IOR_TEST/fat_rome_N1_ppn8
FS                  : 2473.6 TiB   Used FS: 14.9%   Inodes: 200.0 Mi   Used Inodes: 55.7%

Options: 
api                 : POSIX
apiVersion          : 
test filename       : tempout
access              : file-per-process
type                : independent
segments            : 1
ordering in a file  : sequential
ordering inter file : constant task offset
task offset         : 1
nodes               : 1
tasks               : 8
clients per node    : 8
repetitions         : 3
xfersize            : 256 MiB
blocksize           : 8 GiB
aggregate filesize  : 64 GiB

Results: 

access    bw(MiB/s)  IOPS       Latency(s)  block(KiB) xfer(KiB)  open(s)    wr/rd(s)   close(s)   total(s)   iter
------    ---------  ----       ----------  ---------- ---------  --------   --------   --------   --------   ----
write     4989       19.49      0.363313    8388608    262144     0.001749   13.13      0.000158   13.14      0   
read      6867       26.83      0.281424    8388608    262144     0.000032   9.54       0.000147   9.54       0   
remove    -          -          -           -          -          -          -          -          0.037417   0   
write     7167       28.00      0.281461    8388608    262144     0.001395   9.14       0.000166   9.14       1   
read      7208       28.16      0.244980    8388608    262144     0.000036   9.09       0.000119   9.09       1   
remove    -          -          -           -          -          -          -          -          0.032974   1   
write     5258       20.54      0.389433    8388608    262144     0.002207   12.46      0.000169   12.46      2   
read      6206       24.24      0.322086    8388608    262144     0.000032   10.56      0.000135   10.56      2   
remove    -          -          -           -          -          -          -          -          0.029961   2   
Max Write: 7167.28 MiB/sec (7515.44 MB/sec)
Max Read:  7207.94 MiB/sec (7558.07 MB/sec)

Summary of all tests:
Operation   Max(MiB)   Min(MiB)  Mean(MiB)     StdDev   Max(OPs)   Min(OPs)  Mean(OPs)     StdDev    Mean(s) Stonewall(s) Stonewall(MiB) Test# #Tasks tPN reps fPP reord reordoff reordrand seed segcnt   blksiz    xsize aggs(MiB)   API RefNum
write        7167.28    4989.01    5804.74     969.70      28.00      19.49      22.67       3.79   11.58137         NA            NA     0      8   8    3   1     1        1         0    0      1 8589934592 268435456   65536.0 POSIX      0
read         7207.94    6206.27    6760.51     415.85      28.16      24.24      26.41       1.62    9.73167         NA            NA     0      8   8    3   1     1        1         0    0      1 8589934592 268435456   65536.0 POSIX      0
Finished            : Mon Oct  7 13:46:11 2024
