IOR-3.3.0: MPI Coordinated Test of Parallel I/O
Began               : Mon Oct  7 13:43:53 2024
Command line        : ior-3.3.0/src/ior -F -C -e -g -w -r -K -s 1 -t 256m -i 3 -b 256m -o tempout
Machine             : Linux fcn76.local.snellius.surf.nl
TestID              : 0
StartTime           : Mon Oct  7 13:43:53 2024
Path                : /gpfs/scratch1/shared/benjamic/IOR_TEST/fat_genoa_N1_ppn8
FS                  : 2473.6 TiB   Used FS: 14.9%   Inodes: 200.0 Mi   Used Inodes: 55.8%

Options: 
api                 : POSIX
apiVersion          : 
test filename       : tempout
access              : file-per-process
type                : independent
segments            : 1
ordering in a file  : sequential
ordering inter file : constant task offset
task offset         : 1
nodes               : 1
tasks               : 8
clients per node    : 8
repetitions         : 3
xfersize            : 256 MiB
blocksize           : 256 MiB
aggregate filesize  : 2 GiB

Results: 

access    bw(MiB/s)  IOPS       Latency(s)  block(KiB) xfer(KiB)  open(s)    wr/rd(s)   close(s)   total(s)   iter
------    ---------  ----       ----------  ---------- ---------  --------   --------   --------   --------   ----
write     2435.86    9.60       0.554279    262144     262144     0.007106   0.833449   0.000260   0.840770   0   
read      16195      63.38      0.101821    262144     262144     0.000082   0.126221   0.000187   0.126459   0   
remove    -          -          -           -          -          -          -          -          0.002535   0   
write     2169.61    8.50       0.722290    262144     262144     0.002350   0.941366   0.000246   0.943947   1   
read      24720      96.81      0.069930    262144     262144     0.000085   0.082634   0.000204   0.082848   1   
remove    -          -          -           -          -          -          -          -          0.001856   1   
write     6773       26.67      0.233952    262144     262144     0.002306   0.299929   0.000194   0.302385   2   
read      30784      120.69     0.058034    262144     262144     0.000082   0.066283   0.000199   0.066528   2   
remove    -          -          -           -          -          -          -          -          0.001799   2   
Max Write: 6772.83 MiB/sec (7101.83 MB/sec)
Max Read:  30784.23 MiB/sec (32279.61 MB/sec)

Summary of all tests:
Operation   Max(MiB)   Min(MiB)  Mean(MiB)     StdDev   Max(OPs)   Min(OPs)  Mean(OPs)     StdDev    Mean(s) Stonewall(s) Stonewall(MiB) Test# #Tasks tPN reps fPP reord reordoff reordrand seed segcnt   blksiz    xsize aggs(MiB)   API RefNum
write        6772.83    2169.61    3792.77    2110.02      26.46       8.48      14.82       8.24    0.69570         NA            NA     0      8   8    3   1     1        1         0    0      1 268435456 268435456    2048.0 POSIX      0
read        30784.23   16195.01   23899.71    5984.20     120.25      63.26      93.36      23.38    0.09194         NA            NA     0      8   8    3   1     1        1         0    0      1 268435456 268435456    2048.0 POSIX      0
Finished            : Mon Oct  7 13:43:56 2024
