IOR-3.3.0: MPI Coordinated Test of Parallel I/O
Began               : Mon Oct  7 13:44:02 2024
Command line        : ior-3.3.0/src/ior -F -C -e -g -w -r -K -s 1 -t 256m -i 3 -b 2g -o tempout
Machine             : Linux fcn62.local.snellius.surf.nl
TestID              : 0
StartTime           : Mon Oct  7 13:44:02 2024
Path                : /gpfs/scratch1/shared/benjamic/IOR_TEST/fat_rome_N1_ppn8
FS                  : 2473.6 TiB   Used FS: 14.9%   Inodes: 200.0 Mi   Used Inodes: 55.8%

Options: 
api                 : POSIX
apiVersion          : 
test filename       : tempout
access              : file-per-process
type                : independent
segments            : 1
ordering in a file  : sequential
ordering inter file : constant task offset
task offset         : 1
nodes               : 1
tasks               : 8
clients per node    : 8
repetitions         : 3
xfersize            : 256 MiB
blocksize           : 2 GiB
aggregate filesize  : 16 GiB

Results: 

access    bw(MiB/s)  IOPS       Latency(s)  block(KiB) xfer(KiB)  open(s)    wr/rd(s)   close(s)   total(s)   iter
------    ---------  ----       ----------  ---------- ---------  --------   --------   --------   --------   ----
write     6376       24.93      0.241175    2097152    262144     0.001668   2.57       0.000162   2.57       0   
read      11741      45.87      0.170138    2097152    262144     0.000040   1.40       0.000138   1.40       0   
remove    -          -          -           -          -          -          -          -          0.001407   0   
write     3882       15.17      0.489675    2097152    262144     0.001478   4.22       0.000150   4.22       1   
read      8609       33.63      0.231500    2097152    262144     0.000041   1.90       0.000131   1.90       1   
remove    -          -          -           -          -          -          -          -          0.001378   1   
write     4285       16.74      0.396749    2097152    262144     0.001436   3.82       0.000146   3.82       2   
read      8680       33.91      0.234897    2097152    262144     0.000044   1.89       0.000101   1.89       2   
remove    -          -          -           -          -          -          -          -          0.003375   2   
Max Write: 6376.30 MiB/sec (6686.03 MB/sec)
Max Read:  11741.29 MiB/sec (12311.64 MB/sec)

Summary of all tests:
Operation   Max(MiB)   Min(MiB)  Mean(MiB)     StdDev   Max(OPs)   Min(OPs)  Mean(OPs)     StdDev    Mean(s) Stonewall(s) Stonewall(MiB) Test# #Tasks tPN reps fPP reord reordoff reordrand seed segcnt   blksiz    xsize aggs(MiB)   API RefNum
write        6376.30    3882.19    4847.74    1093.28      24.91      15.16      18.94       4.27    3.53788         NA            NA     0      8   8    3   1     1        1         0    0      1 2147483648 268435456   16384.0 POSIX      0
read        11741.29    8608.63    9676.57    1460.27      45.86      33.63      37.80       5.70    1.72874         NA            NA     0      8   8    3   1     1        1         0    0      1 2147483648 268435456   16384.0 POSIX      0
Finished            : Mon Oct  7 13:44:18 2024
