IOR-3.3.0: MPI Coordinated Test of Parallel I/O
Began               : Mon Oct  7 13:46:46 2024
Command line        : ior-3.3.0/src/ior -F -C -e -g -w -r -K -s 1 -t 256m -i 3 -b 16g -o tempout
Machine             : Linux fcn76.local.snellius.surf.nl
TestID              : 0
StartTime           : Mon Oct  7 13:46:46 2024
Path                : /gpfs/scratch1/shared/benjamic/IOR_TEST/fat_genoa_N1_ppn8
FS                  : 2473.6 TiB   Used FS: 14.9%   Inodes: 200.0 Mi   Used Inodes: 55.8%

Options: 
api                 : POSIX
apiVersion          : 
test filename       : tempout
access              : file-per-process
type                : independent
segments            : 1
ordering in a file  : sequential
ordering inter file : constant task offset
task offset         : 1
nodes               : 1
tasks               : 8
clients per node    : 8
repetitions         : 3
xfersize            : 256 MiB
blocksize           : 16 GiB
aggregate filesize  : 128 GiB

Results: 

access    bw(MiB/s)  IOPS       Latency(s)  block(KiB) xfer(KiB)  open(s)    wr/rd(s)   close(s)   total(s)   iter
------    ---------  ----       ----------  ---------- ---------  --------   --------   --------   --------   ----
write     4832       18.88      0.423832    16777216   262144     0.002310   27.13      0.000271   27.13      0   
read      5948       23.23      0.334581    16777216   262144     0.000054   22.04      0.000162   22.04      0   
remove    -          -          -           -          -          -          -          -          0.001981   0   
write     4940       19.30      0.403730    16777216   262144     0.003544   26.53      0.000252   26.53      1   
read      6077       23.74      0.336994    16777216   262144     0.000054   21.57      0.000158   21.57      1   
remove    -          -          -           -          -          -          -          -          0.002066   1   
write     3720       14.53      0.528500    16777216   262144     0.002185   35.24      0.000231   35.24      2   
read      5990       23.40      0.333329    16777216   262144     0.000052   21.88      0.000082   21.88      2   
remove    -          -          -           -          -          -          -          -          0.001909   2   
Max Write: 4940.25 MiB/sec (5180.23 MB/sec)
Max Read:  6077.19 MiB/sec (6372.39 MB/sec)

Summary of all tests:
Operation   Max(MiB)   Min(MiB)  Mean(MiB)     StdDev   Max(OPs)   Min(OPs)  Mean(OPs)     StdDev    Mean(s) Stonewall(s) Stonewall(MiB) Test# #Tasks tPN reps fPP reord reordoff reordrand seed segcnt   blksiz    xsize aggs(MiB)   API RefNum
write        4940.25    3719.65    4497.18     551.58      19.30      14.53      17.57       2.15   29.63235         NA            NA     0      8   8    3   1     1        1         0    0      1 17179869184 268435456  131072.0 POSIX      0
read         6077.19    5947.89    6005.06      53.83      23.74      23.23      23.46       0.21   21.82868         NA            NA     0      8   8    3   1     1        1         0    0      1 17179869184 268435456  131072.0 POSIX      0
Finished            : Mon Oct  7 13:49:21 2024
