IOR-3.3.0: MPI Coordinated Test of Parallel I/O
Began               : Mon Oct  7 13:44:06 2024
Command line        : ior-3.3.0/src/ior -F -C -e -g -w -r -K -s 1 -t 256m -i 3 -b 1g -o tempout
Machine             : Linux fcn76.local.snellius.surf.nl
TestID              : 0
StartTime           : Mon Oct  7 13:44:06 2024
Path                : /gpfs/scratch1/shared/benjamic/IOR_TEST/fat_genoa_N1_ppn8
FS                  : 2473.6 TiB   Used FS: 14.9%   Inodes: 200.0 Mi   Used Inodes: 55.8%

Options: 
api                 : POSIX
apiVersion          : 
test filename       : tempout
access              : file-per-process
type                : independent
segments            : 1
ordering in a file  : sequential
ordering inter file : constant task offset
task offset         : 1
nodes               : 1
tasks               : 8
clients per node    : 8
repetitions         : 3
xfersize            : 256 MiB
blocksize           : 1 GiB
aggregate filesize  : 8 GiB

Results: 

access    bw(MiB/s)  IOPS       Latency(s)  block(KiB) xfer(KiB)  open(s)    wr/rd(s)   close(s)   total(s)   iter
------    ---------  ----       ----------  ---------- ---------  --------   --------   --------   --------   ----
write     6513       25.50      0.247580    1048576    262144     0.002510   1.26       0.000199   1.26       0   
read      13170      51.47      0.092811    1048576    262144     0.000054   0.621755   0.000192   0.622031   0   
remove    -          -          -           -          -          -          -          -          0.001832   0   
write     2221.89    8.68       0.891441    1048576    262144     0.002076   3.68       0.000235   3.69       1   
read      7934       31.00      0.231865    1048576    262144     0.000053   1.03       0.000103   1.03       1   
remove    -          -          -           -          -          -          -          -          0.001847   1   
write     2070.94    8.09       0.661736    1048576    262144     0.002061   3.95       0.000232   3.96       2   
read      9349       36.53      0.188477    1048576    262144     0.000054   0.876057   0.000126   0.876243   2   
remove    -          -          -           -          -          -          -          -          0.001848   2   
Max Write: 6512.70 MiB/sec (6829.06 MB/sec)
Max Read:  13169.76 MiB/sec (13809.50 MB/sec)

Summary of all tests:
Operation   Max(MiB)   Min(MiB)  Mean(MiB)     StdDev   Max(OPs)   Min(OPs)  Mean(OPs)     StdDev    Mean(s) Stonewall(s) Stonewall(MiB) Test# #Tasks tPN reps fPP reord reordoff reordrand seed segcnt   blksiz    xsize aggs(MiB)   API RefNum
write        6512.70    2070.94    3601.84    2059.21      25.44       8.09      14.07       8.04    2.96683         NA            NA     0      8   8    3   1     1        1         0    0      1 1073741824 268435456    8192.0 POSIX      0
read        13169.76    7933.59   10150.78    2211.56      51.44      30.99      39.65       8.64    0.84362         NA            NA     0      8   8    3   1     1        1         0    0      1 1073741824 268435456    8192.0 POSIX      0
Finished            : Mon Oct  7 13:44:17 2024
