IOR-3.3.0: MPI Coordinated Test of Parallel I/O
Began               : Mon Oct  7 13:43:45 2024
Command line        : ior-3.3.0/src/ior -F -C -e -g -w -r -K -s 1 -t 256m -i 3 -b 256m -o tempout
Machine             : Linux fcn62.local.snellius.surf.nl
TestID              : 0
StartTime           : Mon Oct  7 13:43:45 2024
Path                : /gpfs/scratch1/shared/benjamic/IOR_TEST/fat_rome_N1_ppn8
FS                  : 2473.6 TiB   Used FS: 14.9%   Inodes: 200.0 Mi   Used Inodes: 55.8%

Options: 
api                 : POSIX
apiVersion          : 
test filename       : tempout
access              : file-per-process
type                : independent
segments            : 1
ordering in a file  : sequential
ordering inter file : constant task offset
task offset         : 1
nodes               : 1
tasks               : 8
clients per node    : 8
repetitions         : 3
xfersize            : 256 MiB
blocksize           : 256 MiB
aggregate filesize  : 2 GiB

Results: 

access    bw(MiB/s)  IOPS       Latency(s)  block(KiB) xfer(KiB)  open(s)    wr/rd(s)   close(s)   total(s)   iter
------    ---------  ----       ----------  ---------- ---------  --------   --------   --------   --------   ----
write     5407       22.58      0.329047    262144     262144     0.024403   0.354275   0.000099   0.378782   0   
read      17164      67.15      0.116989    262144     262144     0.000040   0.119140   0.000135   0.119318   0   
remove    -          -          -           -          -          -          -          -          0.000971   0   
write     5349       20.97      0.381510    262144     262144     0.001244   0.381518   0.000102   0.382863   1   
read      17369      67.94      0.116937    262144     262144     0.000034   0.117754   0.000109   0.117910   1   
remove    -          -          -           -          -          -          -          -          0.000979   1   
write     4149       16.25      0.355547    262144     262144     0.001278   0.492281   0.000098   0.493660   2   
read      17334      67.80      0.116887    262144     262144     0.000037   0.118002   0.000117   0.118152   2   
remove    -          -          -           -          -          -          -          -          0.001029   2   
Max Write: 5406.80 MiB/sec (5669.44 MB/sec)
Max Read:  17369.12 MiB/sec (18212.85 MB/sec)

Summary of all tests:
Operation   Max(MiB)   Min(MiB)  Mean(MiB)     StdDev   Max(OPs)   Min(OPs)  Mean(OPs)     StdDev    Mean(s) Stonewall(s) Stonewall(MiB) Test# #Tasks tPN reps fPP reord reordoff reordrand seed segcnt   blksiz    xsize aggs(MiB)   API RefNum
write        5406.80    4148.60    4968.19     580.01      21.12      16.21      19.41       2.27    0.41844         NA            NA     0      8   8    3   1     1        1         0    0      1 268435456 268435456    2048.0 POSIX      0
read        17369.12   17164.28   17289.00      89.38      67.85      67.05      67.54       0.35    0.11846         NA            NA     0      8   8    3   1     1        1         0    0      1 268435456 268435456    2048.0 POSIX      0
Finished            : Mon Oct  7 13:43:47 2024
