IOR-3.3.0: MPI Coordinated Test of Parallel I/O
Began               : Mon Oct  7 13:44:20 2024
Command line        : ior-3.3.0/src/ior -F -C -e -g -w -r -K -s 1 -t 256m -i 3 -b 4g -o tempout
Machine             : Linux fcn62.local.snellius.surf.nl
TestID              : 0
StartTime           : Mon Oct  7 13:44:20 2024
Path                : /gpfs/scratch1/shared/benjamic/IOR_TEST/fat_rome_N1_ppn8
FS                  : 2473.6 TiB   Used FS: 14.9%   Inodes: 200.0 Mi   Used Inodes: 55.8%

Options: 
api                 : POSIX
apiVersion          : 
test filename       : tempout
access              : file-per-process
type                : independent
segments            : 1
ordering in a file  : sequential
ordering inter file : constant task offset
task offset         : 1
nodes               : 1
tasks               : 8
clients per node    : 8
repetitions         : 3
xfersize            : 256 MiB
blocksize           : 4 GiB
aggregate filesize  : 32 GiB

Results: 

access    bw(MiB/s)  IOPS       Latency(s)  block(KiB) xfer(KiB)  open(s)    wr/rd(s)   close(s)   total(s)   iter
------    ---------  ----       ----------  ---------- ---------  --------   --------   --------   --------   ----
write     3251.04    12.70      0.427666    4194304    262144     0.001491   10.08      0.000208   10.08      0   
read      10154      39.67      0.191278    4194304    262144     0.000046   3.23       0.000137   3.23       0   
remove    -          -          -           -          -          -          -          -          0.001162   0   
write     4181       16.34      0.489725    4194304    262144     0.001271   7.84       0.000171   7.84       1   
read      5448       21.28      0.375938    4194304    262144     0.000042   6.02       0.000046   6.02       1   
remove    -          -          -           -          -          -          -          -          0.001203   1   
write     2946.15    11.53      0.566975    4194304    262144     0.021306   11.10      0.000222   11.12      2   
read      5717       22.33      0.349529    4194304    262144     0.000042   5.73       0.000130   5.73       2   
remove    -          -          -           -          -          -          -          -          0.001442   2   
Max Write: 4181.17 MiB/sec (4384.27 MB/sec)
Max Read:  10153.83 MiB/sec (10647.06 MB/sec)

Summary of all tests:
Operation   Max(MiB)   Min(MiB)  Mean(MiB)     StdDev   Max(OPs)   Min(OPs)  Mean(OPs)     StdDev    Mean(s) Stonewall(s) Stonewall(MiB) Test# #Tasks tPN reps fPP reord reordoff reordrand seed segcnt   blksiz    xsize aggs(MiB)   API RefNum
write        4181.17    2946.15    3459.45     525.29      16.33      11.51      13.51       2.05    9.67954         NA            NA     0      8   8    3   1     1        1         0    0      1 4294967296 268435456   32768.0 POSIX      0
read        10153.83    5447.60    7106.23    2157.79      39.66      21.28      27.76       8.43    4.99123         NA            NA     0      8   8    3   1     1        1         0    0      1 4294967296 268435456   32768.0 POSIX      0
Finished            : Mon Oct  7 13:45:05 2024
