IOR-3.3.0: MPI Coordinated Test of Parallel I/O
Began               : Mon Oct  7 13:45:38 2024
Command line        : ior-3.3.0/src/ior -F -C -e -g -w -r -K -s 1 -t 256m -i 3 -b 8g -o tempout
Machine             : Linux tcn755.local.snellius.surf.nl
TestID              : 0
StartTime           : Mon Oct  7 13:45:38 2024
Path                : /gpfs/scratch1/shared/benjamic/IOR_TEST/genoa_N1_ppn8
FS                  : 2473.6 TiB   Used FS: 14.9%   Inodes: 200.0 Mi   Used Inodes: 55.7%

Options: 
api                 : POSIX
apiVersion          : 
test filename       : tempout
access              : file-per-process
type                : independent
segments            : 1
ordering in a file  : sequential
ordering inter file : constant task offset
task offset         : 1
nodes               : 1
tasks               : 8
clients per node    : 8
repetitions         : 3
xfersize            : 256 MiB
blocksize           : 8 GiB
aggregate filesize  : 64 GiB

Results: 

access    bw(MiB/s)  IOPS       Latency(s)  block(KiB) xfer(KiB)  open(s)    wr/rd(s)   close(s)   total(s)   iter
------    ---------  ----       ----------  ---------- ---------  --------   --------   --------   --------   ----
write     3257.02    12.82      0.532391    8388608    262144     0.147275   19.97      0.000261   20.12      0   
read      6494       25.37      0.305719    8388608    262144     0.000059   10.09      0.000125   10.09      0   
remove    -          -          -           -          -          -          -          -          0.003969   0   
write     4294       16.78      0.404987    8388608    262144     0.004453   15.26      0.000251   15.26      1   
read      9338       36.48      0.212624    8388608    262144     0.000051   7.02       0.000127   7.02       1   
remove    -          -          -           -          -          -          -          -          0.004151   1   
write     3164.61    12.36      0.644150    8388608    262144     0.004676   20.70      0.000350   20.71      2   
read      8964       35.01      0.223100    8388608    262144     0.000056   7.31       0.000116   7.31       2   
remove    -          -          -           -          -          -          -          -          0.004398   2   
Max Write: 4294.24 MiB/sec (4502.84 MB/sec)
Max Read:  9338.32 MiB/sec (9791.94 MB/sec)

Summary of all tests:
Operation   Max(MiB)   Min(MiB)  Mean(MiB)     StdDev   Max(OPs)   Min(OPs)  Mean(OPs)     StdDev    Mean(s) Stonewall(s) Stonewall(MiB) Test# #Tasks tPN reps fPP reord reordoff reordrand seed segcnt   blksiz    xsize aggs(MiB)   API RefNum
write        4294.24    3164.61    3571.95     512.12      16.77      12.36      13.95       2.00   18.69730         NA            NA     0      8   8    3   1     1        1         0    0      1 8589934592 268435456   65536.0 POSIX      0
read         9338.32    6493.66    8265.17    1261.96      36.48      25.37      32.29       4.93    8.14056         NA            NA     0      8   8    3   1     1        1         0    0      1 8589934592 268435456   65536.0 POSIX      0
Finished            : Mon Oct  7 13:46:59 2024
