IOR-3.3.0: MPI Coordinated Test of Parallel I/O
Began               : Mon Oct  7 13:44:51 2024
Command line        : ior-3.3.0/src/ior -F -C -e -g -w -r -K -s 1 -t 256m -i 3 -b 4g -o tempout
Machine             : Linux tcn755.local.snellius.surf.nl
TestID              : 0
StartTime           : Mon Oct  7 13:44:51 2024
Path                : /gpfs/scratch1/shared/benjamic/IOR_TEST/genoa_N1_ppn8
FS                  : 2473.6 TiB   Used FS: 14.9%   Inodes: 200.0 Mi   Used Inodes: 55.8%

Options: 
api                 : POSIX
apiVersion          : 
test filename       : tempout
access              : file-per-process
type                : independent
segments            : 1
ordering in a file  : sequential
ordering inter file : constant task offset
task offset         : 1
nodes               : 1
tasks               : 8
clients per node    : 8
repetitions         : 3
xfersize            : 256 MiB
blocksize           : 4 GiB
aggregate filesize  : 32 GiB

Results: 

access    bw(MiB/s)  IOPS       Latency(s)  block(KiB) xfer(KiB)  open(s)    wr/rd(s)   close(s)   total(s)   iter
------    ---------  ----       ----------  ---------- ---------  --------   --------   --------   --------   ----
write     3755       14.73      0.533976    4194304    262144     0.033442   8.69       0.000248   8.73       0   
read      5322       20.79      0.379905    4194304    262144     0.000051   6.16       0.000165   6.16       0   
remove    -          -          -           -          -          -          -          -          0.003939   0   
write     3187.77    12.46      0.608754    4194304    262144     0.005214   10.27      0.000250   10.28      1   
read      5719       22.34      0.330972    4194304    262144     0.000048   5.73       0.000071   5.73       1   
remove    -          -          -           -          -          -          -          -          0.004295   1   
write     4368       17.13      0.458709    4194304    262144     0.030289   7.47       0.000250   7.50       2   
read      5663       22.12      0.321531    4194304    262144     0.000057   5.79       0.000110   5.79       2   
remove    -          -          -           -          -          -          -          -          0.095851   2   
Max Write: 4368.46 MiB/sec (4580.66 MB/sec)
Max Read:  5719.30 MiB/sec (5997.12 MB/sec)

Summary of all tests:
Operation   Max(MiB)   Min(MiB)  Mean(MiB)     StdDev   Max(OPs)   Min(OPs)  Mean(OPs)     StdDev    Mean(s) Stonewall(s) Stonewall(MiB) Test# #Tasks tPN reps fPP reord reordoff reordrand seed segcnt   blksiz    xsize aggs(MiB)   API RefNum
write        4368.46    3187.77    3770.55     482.13      17.06      12.45      14.73       1.88    8.83528         NA            NA     0      8   8    3   1     1        1         0    0      1 4294967296 268435456   32768.0 POSIX      0
read         5719.30    5321.94    5568.15     175.60      22.34      20.79      21.75       0.69    5.89088         NA            NA     0      8   8    3   1     1        1         0    0      1 4294967296 268435456   32768.0 POSIX      0
Finished            : Mon Oct  7 13:45:35 2024
