IOR-3.3.0: MPI Coordinated Test of Parallel I/O
Began               : Mon Oct  7 13:44:05 2024
Command line        : ior-3.3.0/src/ior -F -C -e -g -w -r -K -s 1 -t 256m -i 3 -b 512m -o tempout
Machine             : Linux tcn755.local.snellius.surf.nl
TestID              : 0
StartTime           : Mon Oct  7 13:44:05 2024
Path                : /gpfs/scratch1/shared/benjamic/IOR_TEST/genoa_N1_ppn8
FS                  : 2473.6 TiB   Used FS: 14.9%   Inodes: 200.0 Mi   Used Inodes: 55.8%

Options: 
api                 : POSIX
apiVersion          : 
test filename       : tempout
access              : file-per-process
type                : independent
segments            : 1
ordering in a file  : sequential
ordering inter file : constant task offset
task offset         : 1
nodes               : 1
tasks               : 8
clients per node    : 8
repetitions         : 3
xfersize            : 256 MiB
blocksize           : 512 MiB
aggregate filesize  : 4 GiB

Results: 

access    bw(MiB/s)  IOPS       Latency(s)  block(KiB) xfer(KiB)  open(s)    wr/rd(s)   close(s)   total(s)   iter
------    ---------  ----       ----------  ---------- ---------  --------   --------   --------   --------   ----
write     8863       35.03      0.213990    524288     262144     0.005093   0.456798   0.000256   0.462158   0   
read      23742      92.83      0.084585    524288     262144     0.000049   0.172350   0.000119   0.172522   0   
remove    -          -          -           -          -          -          -          -          0.005821   0   
write     5549       21.81      0.366737    524288     262144     0.004481   0.733483   0.000223   0.738197   1   
read      26780      104.79     0.075542    524288     262144     0.000049   0.152692   0.000212   0.152950   1   
remove    -          -          -           -          -          -          -          -          0.006784   1   
write     1489.64    5.89       1.36        524288     262144     0.033390   2.72       0.000255   2.75       2   
read      18358      71.84      0.091176    524288     262144     0.000201   0.222704   0.000202   0.223118   2   
remove    -          -          -           -          -          -          -          -          0.004148   2   
Max Write: 8862.77 MiB/sec (9293.28 MB/sec)
Max Read:  26779.96 MiB/sec (28080.83 MB/sec)

Summary of all tests:
Operation   Max(MiB)   Min(MiB)  Mean(MiB)     StdDev   Max(OPs)   Min(OPs)  Mean(OPs)     StdDev    Mean(s) Stonewall(s) Stonewall(MiB) Test# #Tasks tPN reps fPP reord reordoff reordrand seed segcnt   blksiz    xsize aggs(MiB)   API RefNum
write        8862.77    1489.64    5300.35    3015.18      34.62       5.82      20.70      11.78    1.31667         NA            NA     0      8   8    3   1     1        1         0    0      1 536870912 268435456    4096.0 POSIX      0
read        26779.96   18358.01   22959.97    3482.42     104.61      71.71      89.69      13.60    0.18286         NA            NA     0      8   8    3   1     1        1         0    0      1 536870912 268435456    4096.0 POSIX      0
Finished            : Mon Oct  7 13:44:10 2024
