IOR-3.3.0: MPI Coordinated Test of Parallel I/O
Began               : Mon Oct  7 13:47:01 2024
Command line        : ior-3.3.0/src/ior -F -C -e -g -w -r -K -s 1 -t 256m -i 3 -b 16g -o tempout
Machine             : Linux tcn755.local.snellius.surf.nl
TestID              : 0
StartTime           : Mon Oct  7 13:47:01 2024
Path                : /gpfs/scratch1/shared/benjamic/IOR_TEST/genoa_N1_ppn8
FS                  : 2473.6 TiB   Used FS: 14.9%   Inodes: 200.0 Mi   Used Inodes: 55.8%

Options: 
api                 : POSIX
apiVersion          : 
test filename       : tempout
access              : file-per-process
type                : independent
segments            : 1
ordering in a file  : sequential
ordering inter file : constant task offset
task offset         : 1
nodes               : 1
tasks               : 8
clients per node    : 8
repetitions         : 3
xfersize            : 256 MiB
blocksize           : 16 GiB
aggregate filesize  : 128 GiB

Results: 

access    bw(MiB/s)  IOPS       Latency(s)  block(KiB) xfer(KiB)  open(s)    wr/rd(s)   close(s)   total(s)   iter
------    ---------  ----       ----------  ---------- ---------  --------   --------   --------   --------   ----
write     6215       24.28      0.329426    16777216   262144     0.005329   21.08      0.000258   21.09      0   
read      5121       20.01      0.397325    16777216   262144     0.000061   25.59      0.000181   25.59      0   
remove    -          -          -           -          -          -          -          -          0.400614   0   
write     7419       30.14      0.260301    16777216   262144     0.676210   16.99      0.000280   17.67      1   
read      6890       26.91      0.278061    16777216   262144     0.000051   19.02      0.000113   19.02      1   
remove    -          -          -           -          -          -          -          -          0.085368   1   
write     4516       17.70      0.428503    16777216   262144     0.092114   28.93      0.000299   29.03      2   
read      5611       21.92      0.353441    16777216   262144     0.000052   23.36      0.000095   23.36      2   
remove    -          -          -           -          -          -          -          -          0.020072   2   
Max Write: 7419.47 MiB/sec (7779.87 MB/sec)
Max Read:  6889.95 MiB/sec (7224.64 MB/sec)

Summary of all tests:
Operation   Max(MiB)   Min(MiB)  Mean(MiB)     StdDev   Max(OPs)   Min(OPs)  Mean(OPs)     StdDev    Mean(s) Stonewall(s) Stonewall(MiB) Test# #Tasks tPN reps fPP reord reordoff reordrand seed segcnt   blksiz    xsize aggs(MiB)   API RefNum
write        7419.47    4515.78    6050.15    1191.16      28.98      17.64      23.63       4.65   22.59342         NA            NA     0      8   8    3   1     1        1         0    0      1 17179869184 268435456  131072.0 POSIX      0
read         6889.95    5121.22    5874.03     745.67      26.91      20.00      22.95       2.91   22.65926         NA            NA     0      8   8    3   1     1        1         0    0      1 17179869184 268435456  131072.0 POSIX      0
Finished            : Mon Oct  7 13:49:18 2024
