IOR-3.3.0: MPI Coordinated Test of Parallel I/O
Began               : Mon Oct  7 13:45:10 2024
Command line        : ior-3.3.0/src/ior -F -C -e -g -w -r -K -s 1 -t 256m -i 3 -b 8g -o tempout
Machine             : Linux gcn54.local.snellius.surf.nl
TestID              : 0
StartTime           : Mon Oct  7 13:45:10 2024
Path                : /gpfs/scratch1/shared/benjamic/IOR_TEST/gpu_a100_N1_ppn8
FS                  : 2473.6 TiB   Used FS: 14.9%   Inodes: 200.0 Mi   Used Inodes: 55.7%

Options: 
api                 : POSIX
apiVersion          : 
test filename       : tempout
access              : file-per-process
type                : independent
segments            : 1
ordering in a file  : sequential
ordering inter file : constant task offset
task offset         : 1
nodes               : 1
tasks               : 8
clients per node    : 8
repetitions         : 3
xfersize            : 256 MiB
blocksize           : 8 GiB
aggregate filesize  : 64 GiB

Results: 

access    bw(MiB/s)  IOPS       Latency(s)  block(KiB) xfer(KiB)  open(s)    wr/rd(s)   close(s)   total(s)   iter
------    ---------  ----       ----------  ---------- ---------  --------   --------   --------   --------   ----
write     5112       20.04      0.374900    8388608    262144     0.044926   12.78      0.000148   12.82      0   
read      5633       22.01      0.336904    8388608    262144     0.000030   11.63      0.000090   11.63      0   
remove    -          -          -           -          -          -          -          -          0.002267   0   
write     3609       14.10      0.546001    8388608    262144     0.002460   18.16      0.000146   18.16      1   
read      7700       30.08      0.243808    8388608    262144     0.000032   8.51       0.000084   8.51       1   
remove    -          -          -           -          -          -          -          -          0.030068   1   
write     5738       22.69      0.331028    8388608    262144     0.139661   11.28      0.000079   11.42      2   
read      7483       29.23      0.264318    8388608    262144     0.000032   8.76       0.000122   8.76       2   
remove    -          -          -           -          -          -          -          -          0.002044   2   
Max Write: 5738.34 MiB/sec (6017.09 MB/sec)
Max Read:  7700.32 MiB/sec (8074.37 MB/sec)

Summary of all tests:
Operation   Max(MiB)   Min(MiB)  Mean(MiB)     StdDev   Max(OPs)   Min(OPs)  Mean(OPs)     StdDev    Mean(s) Stonewall(s) Stonewall(MiB) Test# #Tasks tPN reps fPP reord reordoff reordrand seed segcnt   blksiz    xsize aggs(MiB)   API RefNum
write        5738.34    3608.83    4819.56     893.54      22.42      14.10      18.83       3.49   14.13397         NA            NA     0      8   8    3   1     1        1         0    0      1 8589934592 268435456   65536.0 POSIX      0
read         7700.32    5633.39    6938.76     927.30      30.08      22.01      27.10       3.62    9.63427         NA            NA     0      8   8    3   1     1        1         0    0      1 8589934592 268435456   65536.0 POSIX      0
Finished            : Mon Oct  7 13:46:21 2024
