IOR-3.3.0: MPI Coordinated Test of Parallel I/O
Began               : Mon Oct  7 13:44:07 2024
Command line        : ior-3.3.0/src/ior -F -C -e -g -w -r -K -s 1 -t 256m -i 3 -b 2g -o tempout
Machine             : Linux gcn54.local.snellius.surf.nl
TestID              : 0
StartTime           : Mon Oct  7 13:44:07 2024
Path                : /gpfs/scratch1/shared/benjamic/IOR_TEST/gpu_a100_N1_ppn8
FS                  : 2473.6 TiB   Used FS: 14.9%   Inodes: 200.0 Mi   Used Inodes: 55.8%

Options: 
api                 : POSIX
apiVersion          : 
test filename       : tempout
access              : file-per-process
type                : independent
segments            : 1
ordering in a file  : sequential
ordering inter file : constant task offset
task offset         : 1
nodes               : 1
tasks               : 8
clients per node    : 8
repetitions         : 3
xfersize            : 256 MiB
blocksize           : 2 GiB
aggregate filesize  : 16 GiB

Results: 

access    bw(MiB/s)  IOPS       Latency(s)  block(KiB) xfer(KiB)  open(s)    wr/rd(s)   close(s)   total(s)   iter
------    ---------  ----       ----------  ---------- ---------  --------   --------   --------   --------   ----
write     3851       15.05      0.402688    2097152    262144     0.001063   4.25       0.000148   4.25       0   
read      8766       34.25      0.233434    2097152    262144     0.000028   1.87       0.000073   1.87       0   
remove    -          -          -           -          -          -          -          -          0.002506   0   
write     4522       17.67      0.452784    2097152    262144     0.000925   3.62       0.000061   3.62       1   
read      9858       38.51      0.193623    2097152    262144     0.000024   1.66       0.000123   1.66       1   
remove    -          -          -           -          -          -          -          -          0.003320   1   
write     6095       23.82      0.233223    2097152    262144     0.000920   2.69       0.000102   2.69       2   
read      9050       35.36      0.171721    2097152    262144     0.000024   1.81       0.000048   1.81       2   
remove    -          -          -           -          -          -          -          -          0.002894   2   
Max Write: 6095.40 MiB/sec (6391.49 MB/sec)
Max Read:  9857.73 MiB/sec (10336.58 MB/sec)

Summary of all tests:
Operation   Max(MiB)   Min(MiB)  Mean(MiB)     StdDev   Max(OPs)   Min(OPs)  Mean(OPs)     StdDev    Mean(s) Stonewall(s) Stonewall(MiB) Test# #Tasks tPN reps fPP reord reordoff reordrand seed segcnt   blksiz    xsize aggs(MiB)   API RefNum
write        6095.40    3851.09    4822.79     940.62      23.81      15.04      18.84       3.67    3.52186         NA            NA     0      8   8    3   1     1        1         0    0      1 2147483648 268435456   16384.0 POSIX      0
read         9857.73    8766.24    9224.79     462.35      38.51      34.24      36.03       1.81    1.78045         NA            NA     0      8   8    3   1     1        1         0    0      1 2147483648 268435456   16384.0 POSIX      0
Finished            : Mon Oct  7 13:44:23 2024
