IOR-3.3.0: MPI Coordinated Test of Parallel I/O
Began               : Mon Oct  7 13:56:13 2024
Command line        : ior-3.3.0/src/ior -F -C -e -g -w -r -K -s 1 -t 256m -i 3 -b 8g -o tempout
Machine             : Linux gcn116.local.snellius.surf.nl
TestID              : 0
StartTime           : Mon Oct  7 13:56:13 2024
Path                : /gpfs/scratch1/shared/benjamic/IOR_TEST/gpu_h100_N1_ppn8
FS                  : 2473.6 TiB   Used FS: 14.9%   Inodes: 200.0 Mi   Used Inodes: 56.0%

Options: 
api                 : POSIX
apiVersion          : 
test filename       : tempout
access              : file-per-process
type                : independent
segments            : 1
ordering in a file  : sequential
ordering inter file : constant task offset
task offset         : 1
nodes               : 1
tasks               : 8
clients per node    : 8
repetitions         : 3
xfersize            : 256 MiB
blocksize           : 8 GiB
aggregate filesize  : 64 GiB

Results: 

access    bw(MiB/s)  IOPS       Latency(s)  block(KiB) xfer(KiB)  open(s)    wr/rd(s)   close(s)   total(s)   iter
------    ---------  ----       ----------  ---------- ---------  --------   --------   --------   --------   ----
write     8693       33.97      0.223826    8388608    262144     0.001260   7.54       0.000190   7.54       0   
read      15950      62.31      0.127215    8388608    262144     0.000049   4.11       0.000096   4.11       0   
remove    -          -          -           -          -          -          -          -          0.001384   0   
write     10897      42.60      0.180410    8388608    262144     0.003755   6.01       0.000227   6.01       1   
read      16500      64.45      0.118037    8388608    262144     0.000053   3.97       0.000124   3.97       1   
remove    -          -          -           -          -          -          -          -          0.001772   1   
write     11151      43.58      0.181020    8388608    262144     0.002321   5.87       0.000155   5.88       2   
read      14795      57.79      0.131231    8388608    262144     0.000051   4.43       0.000151   4.43       2   
remove    -          -          -           -          -          -          -          -          0.001918   2   
Max Write: 11150.56 MiB/sec (11692.21 MB/sec)
Max Read:  16499.52 MiB/sec (17301.00 MB/sec)

Summary of all tests:
Operation   Max(MiB)   Min(MiB)  Mean(MiB)     StdDev   Max(OPs)   Min(OPs)  Mean(OPs)     StdDev    Mean(s) Stonewall(s) Stonewall(MiB) Test# #Tasks tPN reps fPP reord reordoff reordrand seed segcnt   blksiz    xsize aggs(MiB)   API RefNum
write       11150.56    8693.32   10247.03    1103.49      43.56      33.96      40.03       4.31    6.47669         NA            NA     0      8   8    3   1     1        1         0    0      1 8589934592 268435456   65536.0 POSIX      0
read        16499.52   14794.61   15747.91     710.49      64.45      57.79      61.52       2.78    4.17022         NA            NA     0      8   8    3   1     1        1         0    0      1 8589934592 268435456   65536.0 POSIX      0
Finished            : Mon Oct  7 13:56:45 2024
