IOR-3.3.0: MPI Coordinated Test of Parallel I/O
Began               : Mon Oct  7 13:56:47 2024
Command line        : ior-3.3.0/src/ior -F -C -e -g -w -r -K -s 1 -t 256m -i 3 -b 16g -o tempout
Machine             : Linux gcn116.local.snellius.surf.nl
TestID              : 0
StartTime           : Mon Oct  7 13:56:47 2024
Path                : /gpfs/scratch1/shared/benjamic/IOR_TEST/gpu_h100_N1_ppn8
FS                  : 2473.6 TiB   Used FS: 14.9%   Inodes: 200.0 Mi   Used Inodes: 56.0%

Options: 
api                 : POSIX
apiVersion          : 
test filename       : tempout
access              : file-per-process
type                : independent
segments            : 1
ordering in a file  : sequential
ordering inter file : constant task offset
task offset         : 1
nodes               : 1
tasks               : 8
clients per node    : 8
repetitions         : 3
xfersize            : 256 MiB
blocksize           : 16 GiB
aggregate filesize  : 128 GiB

Results: 

access    bw(MiB/s)  IOPS       Latency(s)  block(KiB) xfer(KiB)  open(s)    wr/rd(s)   close(s)   total(s)   iter
------    ---------  ----       ----------  ---------- ---------  --------   --------   --------   --------   ----
write     8682       33.92      0.231970    16777216   262144     0.001542   15.10      0.000141   15.10      0   
read      12265      47.91      0.160703    16777216   262144     0.000047   10.69      0.000174   10.69      0   
remove    -          -          -           -          -          -          -          -          0.001134   0   
write     8646       33.78      0.220781    16777216   262144     0.003292   15.16      0.000123   15.16      1   
read      10555      41.23      0.176736    16777216   262144     0.000045   12.42      0.000078   12.42      1   
remove    -          -          -           -          -          -          -          -          0.001108   1   
write     8457       33.04      0.216021    16777216   262144     0.001120   15.50      0.000222   15.50      2   
read      11884      46.42      0.156990    16777216   262144     0.000047   11.03      0.000075   11.03      2   
remove    -          -          -           -          -          -          -          -          0.001038   2   
Max Write: 8681.55 MiB/sec (9103.27 MB/sec)
Max Read:  12265.03 MiB/sec (12860.82 MB/sec)

Summary of all tests:
Operation   Max(MiB)   Min(MiB)  Mean(MiB)     StdDev   Max(OPs)   Min(OPs)  Mean(OPs)     StdDev    Mean(s) Stonewall(s) Stonewall(MiB) Test# #Tasks tPN reps fPP reord reordoff reordrand seed segcnt   blksiz    xsize aggs(MiB)   API RefNum
write        8681.55    8456.62    8594.61      98.67      33.91      33.03      33.57       0.39   15.25251         NA            NA     0      8   8    3   1     1        1         0    0      1 17179869184 268435456  131072.0 POSIX      0
read        12265.03   10555.15   11568.21     733.00      47.91      41.23      45.19       2.86   11.37778         NA            NA     0      8   8    3   1     1        1         0    0      1 17179869184 268435456  131072.0 POSIX      0
Finished            : Mon Oct  7 13:58:07 2024
