IOR-3.3.0: MPI Coordinated Test of Parallel I/O
Began               : Mon Oct  7 13:55:56 2024
Command line        : ior-3.3.0/src/ior -F -C -e -g -w -r -K -s 1 -t 256m -i 3 -b 4g -o tempout
Machine             : Linux gcn116.local.snellius.surf.nl
TestID              : 0
StartTime           : Mon Oct  7 13:55:56 2024
Path                : /gpfs/scratch1/shared/benjamic/IOR_TEST/gpu_h100_N1_ppn8
FS                  : 2473.6 TiB   Used FS: 14.9%   Inodes: 200.0 Mi   Used Inodes: 56.0%

Options: 
api                 : POSIX
apiVersion          : 
test filename       : tempout
access              : file-per-process
type                : independent
segments            : 1
ordering in a file  : sequential
ordering inter file : constant task offset
task offset         : 1
nodes               : 1
tasks               : 8
clients per node    : 8
repetitions         : 3
xfersize            : 256 MiB
blocksize           : 4 GiB
aggregate filesize  : 32 GiB

Results: 

access    bw(MiB/s)  IOPS       Latency(s)  block(KiB) xfer(KiB)  open(s)    wr/rd(s)   close(s)   total(s)   iter
------    ---------  ----       ----------  ---------- ---------  --------   --------   --------   --------   ----
write     9685       37.85      0.211355    4194304    262144     0.001499   3.38       0.000136   3.38       0   
read      16646      65.03      0.090484    4194304    262144     0.000054   1.97       0.000083   1.97       0   
remove    -          -          -           -          -          -          -          -          0.001193   0   
write     11055      43.23      0.182860    4194304    262144     0.003218   2.96       0.000168   2.96       1   
read      21768      85.04      0.070614    4194304    262144     0.000046   1.51       0.000085   1.51       1   
remove    -          -          -           -          -          -          -          -          0.001032   1   
write     8253       32.25      0.202367    4194304    262144     0.001212   3.97       0.000153   3.97       2   
read      25072      97.95      0.061299    4194304    262144     0.000046   1.31       0.000098   1.31       2   
remove    -          -          -           -          -          -          -          -          0.001052   2   
Max Write: 11054.61 MiB/sec (11591.60 MB/sec)
Max Read:  25071.97 MiB/sec (26289.87 MB/sec)

Summary of all tests:
Operation   Max(MiB)   Min(MiB)  Mean(MiB)     StdDev   Max(OPs)   Min(OPs)  Mean(OPs)     StdDev    Mean(s) Stonewall(s) Stonewall(MiB) Test# #Tasks tPN reps fPP reord reordoff reordrand seed segcnt   blksiz    xsize aggs(MiB)   API RefNum
write       11054.61    8252.83    9664.18    1143.92      43.18      32.24      37.75       4.47    3.43935         NA            NA     0      8   8    3   1     1        1         0    0      1 4294967296 268435456   32768.0 POSIX      0
read        25071.97   16645.56   21161.84    3466.67      97.94      65.02      82.66      13.54    1.59362         NA            NA     0      8   8    3   1     1        1         0    0      1 4294967296 268435456   32768.0 POSIX      0
Finished            : Mon Oct  7 13:56:11 2024
