IOR-3.3.0: MPI Coordinated Test of Parallel I/O
Began               : Mon Oct  7 13:46:23 2024
Command line        : ior-3.3.0/src/ior -F -C -e -g -w -r -K -s 1 -t 256m -i 3 -b 16g -o tempout
Machine             : Linux gcn54.local.snellius.surf.nl
TestID              : 0
StartTime           : Mon Oct  7 13:46:23 2024
Path                : /gpfs/scratch1/shared/benjamic/IOR_TEST/gpu_a100_N1_ppn8
FS                  : 2473.6 TiB   Used FS: 14.9%   Inodes: 200.0 Mi   Used Inodes: 55.8%

Options: 
api                 : POSIX
apiVersion          : 
test filename       : tempout
access              : file-per-process
type                : independent
segments            : 1
ordering in a file  : sequential
ordering inter file : constant task offset
task offset         : 1
nodes               : 1
tasks               : 8
clients per node    : 8
repetitions         : 3
xfersize            : 256 MiB
blocksize           : 16 GiB
aggregate filesize  : 128 GiB

Results: 

access    bw(MiB/s)  IOPS       Latency(s)  block(KiB) xfer(KiB)  open(s)    wr/rd(s)   close(s)   total(s)   iter
------    ---------  ----       ----------  ---------- ---------  --------   --------   --------   --------   ----
write     3685       14.39      0.502869    16777216   262144     0.002591   35.57      0.000126   35.57      0   
read      6317       24.68      0.308189    16777216   262144     0.000031   20.75      0.000083   20.75      0   
remove    -          -          -           -          -          -          -          -          0.002215   0   
write     4784       18.69      0.428035    16777216   262144     0.003378   27.39      0.000137   27.40      1   
read      5072       19.81      0.398798    16777216   262144     0.000030   25.84      0.000110   25.84      1   
remove    -          -          -           -          -          -          -          -          0.002208   1   
write     3423.37    13.37      0.568759    16777216   262144     0.002428   38.28      0.000082   38.29      2   
read      5606       21.90      0.363766    16777216   262144     0.000032   23.38      0.000120   23.38      2   
remove    -          -          -           -          -          -          -          -          0.014843   2   
Max Write: 4783.95 MiB/sec (5016.34 MB/sec)
Max Read:  6317.17 MiB/sec (6624.03 MB/sec)

Summary of all tests:
Operation   Max(MiB)   Min(MiB)  Mean(MiB)     StdDev   Max(OPs)   Min(OPs)  Mean(OPs)     StdDev    Mean(s) Stonewall(s) Stonewall(MiB) Test# #Tasks tPN reps fPP reord reordoff reordrand seed segcnt   blksiz    xsize aggs(MiB)   API RefNum
write        4783.95    3423.37    3964.05     589.50      18.69      13.37      15.48       2.30   33.75218         NA            NA     0      8   8    3   1     1        1         0    0      1 17179869184 268435456  131072.0 POSIX      0
read         6317.17    5071.58    5665.03     510.20      24.68      19.81      22.13       1.99   23.32408         NA            NA     0      8   8    3   1     1        1         0    0      1 17179869184 268435456  131072.0 POSIX      0
Finished            : Mon Oct  7 13:49:15 2024
