IOR-3.3.0: MPI Coordinated Test of Parallel I/O
Began               : Mon Oct  7 13:55:45 2024
Command line        : ior-3.3.0/src/ior -F -C -e -g -w -r -K -s 1 -t 256m -i 3 -b 2g -o tempout
Machine             : Linux gcn116.local.snellius.surf.nl
TestID              : 0
StartTime           : Mon Oct  7 13:55:45 2024
Path                : /gpfs/scratch1/shared/benjamic/IOR_TEST/gpu_h100_N1_ppn8
FS                  : 2473.6 TiB   Used FS: 14.9%   Inodes: 200.0 Mi   Used Inodes: 56.0%

Options: 
api                 : POSIX
apiVersion          : 
test filename       : tempout
access              : file-per-process
type                : independent
segments            : 1
ordering in a file  : sequential
ordering inter file : constant task offset
task offset         : 1
nodes               : 1
tasks               : 8
clients per node    : 8
repetitions         : 3
xfersize            : 256 MiB
blocksize           : 2 GiB
aggregate filesize  : 16 GiB

Results: 

access    bw(MiB/s)  IOPS       Latency(s)  block(KiB) xfer(KiB)  open(s)    wr/rd(s)   close(s)   total(s)   iter
------    ---------  ----       ----------  ---------- ---------  --------   --------   --------   --------   ----
write     9823       38.43      0.151952    2097152    262144     0.002266   1.67       0.000148   1.67       0   
read      19312      75.46      0.063980    2097152    262144     0.000041   0.848154   0.000176   0.848387   0   
remove    -          -          -           -          -          -          -          -          0.002448   0   
write     8216       32.12      0.218353    2097152    262144     0.001646   1.99       0.000171   1.99       1   
read      16222      63.38      0.094002    2097152    262144     0.000049   1.01       0.000097   1.01       1   
remove    -          -          -           -          -          -          -          -          0.002348   1   
write     8544       33.40      0.198969    2097152    262144     0.001220   1.92       0.000139   1.92       2   
read      14887      58.16      0.096454    2097152    262144     0.000052   1.10       0.000068   1.10       2   
remove    -          -          -           -          -          -          -          -          0.001726   2   
Max Write: 9823.19 MiB/sec (10300.36 MB/sec)
Max Read:  19311.94 MiB/sec (20250.04 MB/sec)

Summary of all tests:
Operation   Max(MiB)   Min(MiB)  Mean(MiB)     StdDev   Max(OPs)   Min(OPs)  Mean(OPs)     StdDev    Mean(s) Stonewall(s) Stonewall(MiB) Test# #Tasks tPN reps fPP reord reordoff reordrand seed segcnt   blksiz    xsize aggs(MiB)   API RefNum
write        9823.19    8216.16    8861.07     693.35      38.37      32.09      34.61       2.71    1.85988         NA            NA     0      8   8    3   1     1        1         0    0      1 2147483648 268435456   16384.0 POSIX      0
read        19311.94   14887.37   16807.19    1853.07      75.44      58.15      65.65       7.24    0.98630         NA            NA     0      8   8    3   1     1        1         0    0      1 2147483648 268435456   16384.0 POSIX      0
Finished            : Mon Oct  7 13:55:53 2024
