IOR-3.3.0: MPI Coordinated Test of Parallel I/O
Began               : Mon Oct  7 13:45:39 2024
Command line        : ior-3.3.0/src/ior -F -C -e -g -w -r -K -s 1 -t 256m -i 3 -b 8g -o tempout
Machine             : Linux tcn477.local.snellius.surf.nl
TestID              : 0
StartTime           : Mon Oct  7 13:45:39 2024
Path                : /gpfs/scratch1/shared/benjamic/IOR_TEST/rome_N1_ppn8
FS                  : 2473.6 TiB   Used FS: 14.9%   Inodes: 200.0 Mi   Used Inodes: 55.7%

Options: 
api                 : POSIX
apiVersion          : 
test filename       : tempout
access              : file-per-process
type                : independent
segments            : 1
ordering in a file  : sequential
ordering inter file : constant task offset
task offset         : 1
nodes               : 1
tasks               : 8
clients per node    : 8
repetitions         : 3
xfersize            : 256 MiB
blocksize           : 8 GiB
aggregate filesize  : 64 GiB

Results: 

access    bw(MiB/s)  IOPS       Latency(s)  block(KiB) xfer(KiB)  open(s)    wr/rd(s)   close(s)   total(s)   iter
------    ---------  ----       ----------  ---------- ---------  --------   --------   --------   --------   ----
write     3096.99    12.10      0.552789    8388608    262144     0.001671   21.16      0.000181   21.16      0   
read      5865       22.91      0.337704    8388608    262144     0.000046   11.17      0.000060   11.17      0   
remove    -          -          -           -          -          -          -          -          0.001427   0   
write     3308.55    12.93      0.567384    8388608    262144     0.001394   19.81      0.000186   19.81      1   
read      6235       24.35      0.326594    8388608    262144     0.000044   10.51      0.000120   10.51      1   
remove    -          -          -           -          -          -          -          -          0.001463   1   
write     3675       14.36      0.557218    8388608    262144     0.002391   17.83      0.000191   17.83      2   
read      5494       21.46      0.351272    8388608    262144     0.000064   11.93      0.000116   11.93      2   
remove    -          -          -           -          -          -          -          -          0.001357   2   
Max Write: 3674.87 MiB/sec (3853.38 MB/sec)
Max Read:  6234.67 MiB/sec (6537.53 MB/sec)

Summary of all tests:
Operation   Max(MiB)   Min(MiB)  Mean(MiB)     StdDev   Max(OPs)   Min(OPs)  Mean(OPs)     StdDev    Mean(s) Stonewall(s) Stonewall(MiB) Test# #Tasks tPN reps fPP reord reordoff reordrand seed segcnt   blksiz    xsize aggs(MiB)   API RefNum
write        3674.87    3096.99    3360.14     238.72      14.35      12.10      13.13       0.93   19.60094         NA            NA     0      8   8    3   1     1        1         0    0      1 8589934592 268435456   65536.0 POSIX      0
read         6234.67    5493.57    5864.40     302.55      24.35      21.46      22.91       1.18   11.20509         NA            NA     0      8   8    3   1     1        1         0    0      1 8589934592 268435456   65536.0 POSIX      0
Finished            : Mon Oct  7 13:47:12 2024
