IOR-3.3.0: MPI Coordinated Test of Parallel I/O
Began               : Mon Oct  7 13:44:20 2024
Command line        : ior-3.3.0/src/ior -F -C -e -g -w -r -K -s 1 -t 256m -i 3 -b 2g -o tempout
Machine             : Linux tcn477.local.snellius.surf.nl
TestID              : 0
StartTime           : Mon Oct  7 13:44:20 2024
Path                : /gpfs/scratch1/shared/benjamic/IOR_TEST/rome_N1_ppn8
FS                  : 2473.6 TiB   Used FS: 14.9%   Inodes: 200.0 Mi   Used Inodes: 55.8%

Options: 
api                 : POSIX
apiVersion          : 
test filename       : tempout
access              : file-per-process
type                : independent
segments            : 1
ordering in a file  : sequential
ordering inter file : constant task offset
task offset         : 1
nodes               : 1
tasks               : 8
clients per node    : 8
repetitions         : 3
xfersize            : 256 MiB
blocksize           : 2 GiB
aggregate filesize  : 16 GiB

Results: 

access    bw(MiB/s)  IOPS       Latency(s)  block(KiB) xfer(KiB)  open(s)    wr/rd(s)   close(s)   total(s)   iter
------    ---------  ----       ----------  ---------- ---------  --------   --------   --------   --------   ----
write     2747.64    10.74      0.745134    2097152    262144     0.001695   5.96       0.000149   5.96       0   
read      9030       35.28      0.216514    2097152    262144     0.000048   1.81       0.000131   1.81       0   
remove    -          -          -           -          -          -          -          -          0.001236   0   
write     2951.30    11.53      0.549708    2097152    262144     0.001343   5.55       0.000151   5.55       1   
read      4034       15.76      0.467455    2097152    262144     0.000045   4.06       0.000098   4.06       1   
remove    -          -          -           -          -          -          -          -          0.001317   1   
write     4203       16.42      0.413037    2097152    262144     0.001350   3.90       0.000136   3.90       2   
read      4348       16.98      0.468583    2097152    262144     0.000047   3.77       0.000130   3.77       2   
remove    -          -          -           -          -          -          -          -          0.001376   2   
Max Write: 4203.14 MiB/sec (4407.31 MB/sec)
Max Read:  9030.37 MiB/sec (9469.03 MB/sec)

Summary of all tests:
Operation   Max(MiB)   Min(MiB)  Mean(MiB)     StdDev   Max(OPs)   Min(OPs)  Mean(OPs)     StdDev    Mean(s) Stonewall(s) Stonewall(MiB) Test# #Tasks tPN reps fPP reord reordoff reordrand seed segcnt   blksiz    xsize aggs(MiB)   API RefNum
write        4203.14    2747.64    3300.69     643.52      16.42      10.73      12.89       2.51    5.13747         NA            NA     0      8   8    3   1     1        1         0    0      1 2147483648 268435456   16384.0 POSIX      0
read         9030.37    4034.41    5804.12    2284.88      35.27      15.76      22.67       8.93    3.21464         NA            NA     0      8   8    3   1     1        1         0    0      1 2147483648 268435456   16384.0 POSIX      0
Finished            : Mon Oct  7 13:44:46 2024
