IOR-3.3.0: MPI Coordinated Test of Parallel I/O
Began               : Mon Oct  7 12:41:01 2024
Command line        : ior-3.3.0/src/ior -F -C -e -g -w -r -K -s 1 -t 2m -i 3 -b 512m -o tempout
Machine             : Linux gcn53.local.snellius.surf.nl
TestID              : 0
StartTime           : Mon Oct  7 12:41:01 2024
Path                : /gpfs/scratch1/shared/benjamic/IOR_TEST/romegenoafat_romefat_genoagpu_a100_N1_ppn8
FS                  : 2473.6 TiB   Used FS: 14.9%   Inodes: 200.0 Mi   Used Inodes: 55.7%

Options: 
api                 : POSIX
apiVersion          : 
test filename       : tempout
access              : file-per-process
type                : independent
segments            : 1
ordering in a file  : sequential
ordering inter file : constant task offset
task offset         : 1
nodes               : 1
tasks               : 8
clients per node    : 8
repetitions         : 3
xfersize            : 2 MiB
blocksize           : 512 MiB
aggregate filesize  : 4 GiB

Results: 

access    bw(MiB/s)  IOPS       Latency(s)  block(KiB) xfer(KiB)  open(s)    wr/rd(s)   close(s)   total(s)   iter
------    ---------  ----       ----------  ---------- ---------  --------   --------   --------   --------   ----
write     4327       2170.76    0.003125    524288     2048.00    0.003100   0.943446   0.000125   0.946678   0   
read      18486      9249       0.000498    524288     2048.00    0.000022   0.221441   0.000103   0.221572   0   
remove    -          -          -           -          -          -          -          -          0.001881   0   
write     4556       2284.73    0.003501    524288     2048.00    0.002673   0.896386   0.000066   0.899130   1   
read      12448      6226       0.001177    524288     2048.00    0.000025   0.328928   0.000081   0.329037   1   
remove    -          -          -           -          -          -          -          -          0.001680   1   
write     3387.18    1697.28    0.003121    524288     2048.00    0.002488   1.21       0.000107   1.21       2   
read      10089      5046       0.001400    524288     2048.00    0.000024   0.405859   0.000099   0.405982   2   
remove    -          -          -           -          -          -          -          -          0.001729   2   
Max Write: 4555.51 MiB/sec (4776.80 MB/sec)
Max Read:  18486.11 MiB/sec (19384.09 MB/sec)

Summary of all tests:
Operation   Max(MiB)   Min(MiB)  Mean(MiB)     StdDev   Max(OPs)   Min(OPs)  Mean(OPs)     StdDev    Mean(s) Stonewall(s) Stonewall(MiB) Test# #Tasks tPN reps fPP reord reordoff reordrand seed segcnt   blksiz    xsize aggs(MiB)   API RefNum
write        4555.51    3387.18    4089.80     505.53    2277.76    1693.59    2044.90     252.77    1.01836         NA            NA     0      8   8    3   1     1        1         0    0      1 536870912  2097152    4096.0 POSIX      0
read        18486.11   10089.12   13674.56    3535.99    9243.05    5044.56    6837.28    1768.00    0.31886         NA            NA     0      8   8    3   1     1        1         0    0      1 536870912  2097152    4096.0 POSIX      0
Finished            : Mon Oct  7 12:41:05 2024
