IOR-3.3.0: MPI Coordinated Test of Parallel I/O
Began               : Mon Oct  7 13:47:14 2024
Command line        : ior-3.3.0/src/ior -F -C -e -g -w -r -K -s 1 -t 256m -i 3 -b 16g -o tempout
Machine             : Linux tcn477.local.snellius.surf.nl
TestID              : 0
StartTime           : Mon Oct  7 13:47:14 2024
Path                : /gpfs/scratch1/shared/benjamic/IOR_TEST/rome_N1_ppn8
FS                  : 2473.6 TiB   Used FS: 14.9%   Inodes: 200.0 Mi   Used Inodes: 55.8%

Options: 
api                 : POSIX
apiVersion          : 
test filename       : tempout
access              : file-per-process
type                : independent
segments            : 1
ordering in a file  : sequential
ordering inter file : constant task offset
task offset         : 1
nodes               : 1
tasks               : 8
clients per node    : 8
repetitions         : 3
xfersize            : 256 MiB
blocksize           : 16 GiB
aggregate filesize  : 128 GiB

Results: 

access    bw(MiB/s)  IOPS       Latency(s)  block(KiB) xfer(KiB)  open(s)    wr/rd(s)   close(s)   total(s)   iter
------    ---------  ----       ----------  ---------- ---------  --------   --------   --------   --------   ----
write     4974       19.43      0.392626    16777216   262144     0.001627   26.35      0.000226   26.35      0   
read      4765       18.62      0.422595    16777216   262144     0.000053   27.50      0.000124   27.50      0   
remove    -          -          -           -          -          -          -          -          0.080307   0   
write     4301       16.80      0.392764    16777216   262144     0.001402   30.48      0.000206   30.48      1   
read      7654       29.90      0.260658    16777216   262144     0.000051   17.13      0.000135   17.13      1   
remove    -          -          -           -          -          -          -          -          0.004924   1   
write     6994       27.32      0.292818    16777216   262144     0.001339   18.74      0.000158   18.74      2   
read      9691       37.86      0.201821    16777216   262144     0.000044   13.52      0.000127   13.52      2   
remove    -          -          -           -          -          -          -          -          0.001467   2   
Max Write: 6993.53 MiB/sec (7333.25 MB/sec)
Max Read:  9691.45 MiB/sec (10162.23 MB/sec)

Summary of all tests:
Operation   Max(MiB)   Min(MiB)  Mean(MiB)     StdDev   Max(OPs)   Min(OPs)  Mean(OPs)     StdDev    Mean(s) Stonewall(s) Stonewall(MiB) Test# #Tasks tPN reps fPP reord reordoff reordrand seed segcnt   blksiz    xsize aggs(MiB)   API RefNum
write        6993.53    4300.54    5422.80    1144.23      27.32      16.80      21.18       4.47   25.18989         NA            NA     0      8   8    3   1     1        1         0    0      1 17179869184 268435456  131072.0 POSIX      0
read         9691.45    4765.47    7370.17    2020.99      37.86      18.62      28.79       7.89   19.38488         NA            NA     0      8   8    3   1     1        1         0    0      1 17179869184 268435456  131072.0 POSIX      0
Finished            : Mon Oct  7 13:49:28 2024
