IOR-3.3.0: MPI Coordinated Test of Parallel I/O
Began               : Mon Oct  7 12:41:04 2024
Command line        : ior-3.3.0/src/ior -F -C -e -g -w -r -K -s 1 -t 2m -i 3 -b 256m -o tempout
Machine             : Linux tcn1153.local.snellius.surf.nl
TestID              : 0
StartTime           : Mon Oct  7 12:41:04 2024
Path                : /gpfs/scratch1/shared/benjamic/IOR_TEST/romegenoa_N1_ppn8
FS                  : 2473.6 TiB   Used FS: 14.9%   Inodes: 200.0 Mi   Used Inodes: 55.7%

Options: 
api                 : POSIX
apiVersion          : 
test filename       : tempout
access              : file-per-process
type                : independent
segments            : 1
ordering in a file  : sequential
ordering inter file : constant task offset
task offset         : 1
nodes               : 1
tasks               : 8
clients per node    : 8
repetitions         : 3
xfersize            : 2 MiB
blocksize           : 256 MiB
aggregate filesize  : 2 GiB

Results: 

access    bw(MiB/s)  IOPS       Latency(s)  block(KiB) xfer(KiB)  open(s)    wr/rd(s)   close(s)   total(s)   iter
------    ---------  ----       ----------  ---------- ---------  --------   --------   --------   --------   ----
write     2123.53    1067.88    0.004574    262144     2048.00    0.005260   0.958906   0.000260   0.964431   0   
read      4526       2264.04    0.002452    262144     2048.00    0.000047   0.452289   0.000119   0.452481   0   
remove    -          -          -           -          -          -          -          -          0.003666   0   
write     2796.80    1404.85    0.003182    262144     2048.00    0.003140   0.728902   0.000216   0.732267   1   
read      10419      5216       0.001023    262144     2048.00    0.000045   0.196319   0.000188   0.196557   1   
remove    -          -          -           -          -          -          -          -          0.003684   1   
write     1928.76    972.54     0.003625    262144     2048.00    0.008610   1.05       0.000301   1.06       2   
read      13106      6563       0.001219    262144     2048.00    0.000045   0.156022   0.000187   0.156259   2   
remove    -          -          -           -          -          -          -          -          0.003452   2   
Max Write: 2796.80 MiB/sec (2932.65 MB/sec)
Max Read:  13106.46 MiB/sec (13743.12 MB/sec)

Summary of all tests:
Operation   Max(MiB)   Min(MiB)  Mean(MiB)     StdDev   Max(OPs)   Min(OPs)  Mean(OPs)     StdDev    Mean(s) Stonewall(s) Stonewall(MiB) Test# #Tasks tPN reps fPP reord reordoff reordrand seed segcnt   blksiz    xsize aggs(MiB)   API RefNum
write        2796.80    1928.76    2283.03     371.89    1398.40     964.38    1141.51     185.94    0.91951         NA            NA     0      8   8    3   1     1        1         0    0      1 268435456  2097152    2048.0 POSIX      0
read        13106.46    4526.16    9350.67    3583.48    6553.23    2263.08    4675.33    1791.74    0.26843         NA            NA     0      8   8    3   1     1        1         0    0      1 268435456  2097152    2048.0 POSIX      0
Finished            : Mon Oct  7 12:41:08 2024
