IOR-3.3.0: MPI Coordinated Test of Parallel I/O
Began               : Mon Oct  7 13:43:53 2024
Command line        : ior-3.3.0/src/ior -F -C -e -g -w -r -K -s 1 -t 256m -i 3 -b 256m -o tempout
Machine             : Linux tcn477.local.snellius.surf.nl
TestID              : 0
StartTime           : Mon Oct  7 13:43:53 2024
Path                : /gpfs/scratch1/shared/benjamic/IOR_TEST/rome_N1_ppn8
FS                  : 2473.6 TiB   Used FS: 14.9%   Inodes: 200.0 Mi   Used Inodes: 55.8%

Options: 
api                 : POSIX
apiVersion          : 
test filename       : tempout
access              : file-per-process
type                : independent
segments            : 1
ordering in a file  : sequential
ordering inter file : constant task offset
task offset         : 1
nodes               : 1
tasks               : 8
clients per node    : 8
repetitions         : 3
xfersize            : 256 MiB
blocksize           : 256 MiB
aggregate filesize  : 2 GiB

Results: 

access    bw(MiB/s)  IOPS       Latency(s)  block(KiB) xfer(KiB)  open(s)    wr/rd(s)   close(s)   total(s)   iter
------    ---------  ----       ----------  ---------- ---------  --------   --------   --------   --------   ----
write     5137       20.44      0.303383    262144     262144     0.007130   0.391414   0.000106   0.398649   0   
read      16726      65.43      0.099641    262144     262144     0.000040   0.122269   0.000127   0.122441   0   
remove    -          -          -           -          -          -          -          -          0.002190   0   
write     2612.98    10.26      0.485100    262144     262144     0.003808   0.779860   0.000110   0.783780   1   
read      16966      66.37      0.120063    262144     262144     0.000040   0.120545   0.000127   0.120714   1   
remove    -          -          -           -          -          -          -          -          0.002469   1   
write     2474.27    9.71       0.610212    262144     262144     0.003859   0.823736   0.000120   0.827720   2   
read      16840      65.87      0.120361    262144     262144     0.000038   0.121450   0.000127   0.121614   2   
remove    -          -          -           -          -          -          -          -          0.002230   2   
Max Write: 5137.36 MiB/sec (5386.91 MB/sec)
Max Read:  16965.67 MiB/sec (17789.79 MB/sec)

Summary of all tests:
Operation   Max(MiB)   Min(MiB)  Mean(MiB)     StdDev   Max(OPs)   Min(OPs)  Mean(OPs)     StdDev    Mean(s) Stonewall(s) Stonewall(MiB) Test# #Tasks tPN reps fPP reord reordoff reordrand seed segcnt   blksiz    xsize aggs(MiB)   API RefNum
write        5137.36    2474.27    3408.20    1224.01      20.07       9.67      13.31       4.78    0.67005         NA            NA     0      8   8    3   1     1        1         0    0      1 268435456 268435456    2048.0 POSIX      0
read        16965.67   16726.43   16844.09      97.71      66.27      65.34      65.80       0.38    0.12159         NA            NA     0      8   8    3   1     1        1         0    0      1 268435456 268435456    2048.0 POSIX      0
Finished            : Mon Oct  7 13:43:56 2024
