IOR-3.3.0: MPI Coordinated Test of Parallel I/O
Began               : Mon Oct  7 13:44:48 2024
Command line        : ior-3.3.0/src/ior -F -C -e -g -w -r -K -s 1 -t 256m -i 3 -b 4g -o tempout
Machine             : Linux tcn477.local.snellius.surf.nl
TestID              : 0
StartTime           : Mon Oct  7 13:44:48 2024
Path                : /gpfs/scratch1/shared/benjamic/IOR_TEST/rome_N1_ppn8
FS                  : 2473.6 TiB   Used FS: 14.9%   Inodes: 200.0 Mi   Used Inodes: 55.8%

Options: 
api                 : POSIX
apiVersion          : 
test filename       : tempout
access              : file-per-process
type                : independent
segments            : 1
ordering in a file  : sequential
ordering inter file : constant task offset
task offset         : 1
nodes               : 1
tasks               : 8
clients per node    : 8
repetitions         : 3
xfersize            : 256 MiB
blocksize           : 4 GiB
aggregate filesize  : 32 GiB

Results: 

access    bw(MiB/s)  IOPS       Latency(s)  block(KiB) xfer(KiB)  open(s)    wr/rd(s)   close(s)   total(s)   iter
------    ---------  ----       ----------  ---------- ---------  --------   --------   --------   --------   ----
write     2982.04    11.65      0.642400    4194304    262144     0.001520   10.99      0.000142   10.99      0   
read      5245       20.49      0.390476    4194304    262144     0.000045   6.25       0.000079   6.25       0   
remove    -          -          -           -          -          -          -          -          0.001277   0   
write     2927.43    11.44      0.605044    4194304    262144     0.001314   11.19      0.000147   11.19      1   
read      5269       20.58      0.341874    4194304    262144     0.000043   6.22       0.000140   6.22       1   
remove    -          -          -           -          -          -          -          -          0.001325   1   
write     4799       18.75      0.395198    4194304    262144     0.001368   6.83       0.000167   6.83       2   
read      5731       22.39      0.349617    4194304    262144     0.000045   5.72       0.000133   5.72       2   
remove    -          -          -           -          -          -          -          -          0.018674   2   
Max Write: 4799.23 MiB/sec (5032.36 MB/sec)
Max Read:  5730.86 MiB/sec (6009.24 MB/sec)

Summary of all tests:
Operation   Max(MiB)   Min(MiB)  Mean(MiB)     StdDev   Max(OPs)   Min(OPs)  Mean(OPs)     StdDev    Mean(s) Stonewall(s) Stonewall(MiB) Test# #Tasks tPN reps fPP reord reordoff reordrand seed segcnt   blksiz    xsize aggs(MiB)   API RefNum
write        4799.23    2927.43    3569.57     869.79      18.75      11.44      13.94       3.40    9.66989         NA            NA     0      8   8    3   1     1        1         0    0      1 4294967296 268435456   32768.0 POSIX      0
read         5730.86    5244.77    5414.89     223.64      22.39      20.49      21.15       0.87    6.06151         NA            NA     0      8   8    3   1     1        1         0    0      1 4294967296 268435456   32768.0 POSIX      0
Finished            : Mon Oct  7 13:45:36 2024
