IOR-3.3.0: MPI Coordinated Test of Parallel I/O
Began               : Mon Oct  7 12:40:58 2024
Command line        : ior-3.3.0/src/ior -F -C -e -g -w -r -K -s 1 -t 2m -i 3 -b 256m -o tempout
Machine             : Linux fcn62.local.snellius.surf.nl
TestID              : 0
StartTime           : Mon Oct  7 12:40:58 2024
Path                : /gpfs/scratch1/shared/benjamic/IOR_TEST/romegenoafat_rome_N1_ppn8
FS                  : 2473.6 TiB   Used FS: 14.9%   Inodes: 200.0 Mi   Used Inodes: 55.7%

Options: 
api                 : POSIX
apiVersion          : 
test filename       : tempout
access              : file-per-process
type                : independent
segments            : 1
ordering in a file  : sequential
ordering inter file : constant task offset
task offset         : 1
nodes               : 1
tasks               : 8
clients per node    : 8
repetitions         : 3
xfersize            : 2 MiB
blocksize           : 256 MiB
aggregate filesize  : 2 GiB

Results: 

access    bw(MiB/s)  IOPS       Latency(s)  block(KiB) xfer(KiB)  open(s)    wr/rd(s)   close(s)   total(s)   iter
------    ---------  ----       ----------  ---------- ---------  --------   --------   --------   --------   ----
write     2754.32    1380.18    0.005796    262144     2048.00    0.001479   0.741932   0.000144   0.743558   0   
read      27904      13964      0.000569    262144     2048.00    0.000038   0.073333   0.000024   0.073394   0   
remove    -          -          -           -          -          -          -          -          0.000958   0   
write     3251.16    1628.40    0.004055    262144     2048.00    0.000963   0.628839   0.000129   0.629929   1   
read      29902      14963      0.000378    262144     2048.00    0.000039   0.068434   0.000020   0.068489   1   
remove    -          -          -           -          -          -          -          -          0.000906   1   
write     2999.42    1502.07    0.004394    262144     2048.00    0.000980   0.681726   0.000089   0.682798   2   
read      30612      15319      0.000384    262144     2048.00    0.000037   0.066845   0.000021   0.066902   2   
remove    -          -          -           -          -          -          -          -          0.000890   2   
Max Write: 3251.16 MiB/sec (3409.09 MB/sec)
Max Read:  30612.16 MiB/sec (32099.18 MB/sec)

Summary of all tests:
Operation   Max(MiB)   Min(MiB)  Mean(MiB)     StdDev   Max(OPs)   Min(OPs)  Mean(OPs)     StdDev    Mean(s) Stonewall(s) Stonewall(MiB) Test# #Tasks tPN reps fPP reord reordoff reordrand seed segcnt   blksiz    xsize aggs(MiB)   API RefNum
write        3251.16    2754.32    3001.64     202.84    1625.58    1377.16    1500.82     101.42    0.68543         NA            NA     0      8   8    3   1     1        1         0    0      1 268435456  2097152    2048.0 POSIX      0
read        30612.16   27904.32   29472.97    1146.42   15306.08   13952.16   14736.48     573.21    0.06959         NA            NA     0      8   8    3   1     1        1         0    0      1 268435456  2097152    2048.0 POSIX      0
Finished            : Mon Oct  7 12:41:00 2024
