IOR-3.3.0: MPI Coordinated Test of Parallel I/O
Began               : Mon Oct  7 13:44:06 2024
Command line        : ior-3.3.0/src/ior -F -C -e -g -w -r -K -s 1 -t 256m -i 3 -b 1g -o tempout
Machine             : Linux tcn477.local.snellius.surf.nl
TestID              : 0
StartTime           : Mon Oct  7 13:44:06 2024
Path                : /gpfs/scratch1/shared/benjamic/IOR_TEST/rome_N1_ppn8
FS                  : 2473.6 TiB   Used FS: 14.9%   Inodes: 200.0 Mi   Used Inodes: 55.8%

Options: 
api                 : POSIX
apiVersion          : 
test filename       : tempout
access              : file-per-process
type                : independent
segments            : 1
ordering in a file  : sequential
ordering inter file : constant task offset
task offset         : 1
nodes               : 1
tasks               : 8
clients per node    : 8
repetitions         : 3
xfersize            : 256 MiB
blocksize           : 1 GiB
aggregate filesize  : 8 GiB

Results: 

access    bw(MiB/s)  IOPS       Latency(s)  block(KiB) xfer(KiB)  open(s)    wr/rd(s)   close(s)   total(s)   iter
------    ---------  ----       ----------  ---------- ---------  --------   --------   --------   --------   ----
write     2159.68    8.44       0.469426    1048576    262144     0.001457   3.79       0.000131   3.79       0   
read      9807       38.32      0.185394    1048576    262144     0.000047   0.835161   0.000131   0.835349   0   
remove    -          -          -           -          -          -          -          -          0.001164   0   
write     6339       24.79      0.273854    1048576    262144     0.001302   1.29       0.000157   1.29       1   
read      9187       35.89      0.197561    1048576    262144     0.000047   0.891504   0.000131   0.891675   1   
remove    -          -          -           -          -          -          -          -          0.001146   1   
write     2567.64    10.03      0.781668    1048576    262144     0.001314   3.19       0.000180   3.19       2   
read      7702       30.09      0.167596    1048576    262144     0.000046   1.06       0.000091   1.06       2   
remove    -          -          -           -          -          -          -          -          0.001431   2   
Max Write: 6338.57 MiB/sec (6646.47 MB/sec)
Max Read:  9806.68 MiB/sec (10283.05 MB/sec)

Summary of all tests:
Operation   Max(MiB)   Min(MiB)  Mean(MiB)     StdDev   Max(OPs)   Min(OPs)  Mean(OPs)     StdDev    Mean(s) Stonewall(s) Stonewall(MiB) Test# #Tasks tPN reps fPP reord reordoff reordrand seed segcnt   blksiz    xsize aggs(MiB)   API RefNum
write        6338.57    2159.68    3688.63    1881.18      24.76       8.44      14.41       7.35    2.75868         NA            NA     0      8   8    3   1     1        1         0    0      1 1073741824 268435456    8192.0 POSIX      0
read         9806.68    7701.79    8898.56     883.22      38.31      30.09      34.76       3.45    0.93022         NA            NA     0      8   8    3   1     1        1         0    0      1 1073741824 268435456    8192.0 POSIX      0
Finished            : Mon Oct  7 13:44:18 2024
