IOR-3.3.0: MPI Coordinated Test of Parallel I/O
Began               : Mon Oct  7 13:43:58 2024
Command line        : ior-3.3.0/src/ior -F -C -e -g -w -r -K -s 1 -t 256m -i 3 -b 512m -o tempout
Machine             : Linux tcn477.local.snellius.surf.nl
TestID              : 0
StartTime           : Mon Oct  7 13:43:58 2024
Path                : /gpfs/scratch1/shared/benjamic/IOR_TEST/rome_N1_ppn8
FS                  : 2473.6 TiB   Used FS: 14.9%   Inodes: 200.0 Mi   Used Inodes: 55.8%

Options: 
api                 : POSIX
apiVersion          : 
test filename       : tempout
access              : file-per-process
type                : independent
segments            : 1
ordering in a file  : sequential
ordering inter file : constant task offset
task offset         : 1
nodes               : 1
tasks               : 8
clients per node    : 8
repetitions         : 3
xfersize            : 256 MiB
blocksize           : 512 MiB
aggregate filesize  : 4 GiB

Results: 

access    bw(MiB/s)  IOPS       Latency(s)  block(KiB) xfer(KiB)  open(s)    wr/rd(s)   close(s)   total(s)   iter
------    ---------  ----       ----------  ---------- ---------  --------   --------   --------   --------   ----
write     3740       14.67      0.545338    524288     262144     0.004364   1.09       0.000119   1.10       0   
read      13655      53.37      0.146483    524288     262144     0.000048   0.299776   0.000149   0.299973   0   
remove    -          -          -           -          -          -          -          -          0.004740   0   
write     2778.28    10.86      0.453345    524288     262144     0.001308   1.47       0.000154   1.47       1   
read      14034      54.85      0.139789    524288     262144     0.000044   0.291681   0.000137   0.291860   1   
remove    -          -          -           -          -          -          -          -          0.001103   1   
write     2599.59    10.16      0.505378    524288     262144     0.001279   1.57       0.000126   1.58       2   
read      14302      55.90      0.136483    524288     262144     0.000042   0.286227   0.000133   0.286401   2   
remove    -          -          -           -          -          -          -          -          0.003855   2   
Max Write: 3740.07 MiB/sec (3921.75 MB/sec)
Max Read:  14301.63 MiB/sec (14996.35 MB/sec)

Summary of all tests:
Operation   Max(MiB)   Min(MiB)  Mean(MiB)     StdDev   Max(OPs)   Min(OPs)  Mean(OPs)     StdDev    Mean(s) Stonewall(s) Stonewall(MiB) Test# #Tasks tPN reps fPP reord reordoff reordrand seed segcnt   blksiz    xsize aggs(MiB)   API RefNum
write        3740.07    2599.59    3039.32     500.85      14.61      10.15      11.87       1.96    1.38170         NA            NA     0      8   8    3   1     1        1         0    0      1 536870912 268435456    4096.0 POSIX      0
read        14301.63   13654.55   13996.76     265.49      55.87      53.34      54.67       1.04    0.29274         NA            NA     0      8   8    3   1     1        1         0    0      1 536870912 268435456    4096.0 POSIX      0
Finished            : Mon Oct  7 13:44:04 2024
